<?xml version="1.0" encoding="UTF-8"?>
<!-- Generated by org.testng.reporters.JUnitReportReporter -->
<testsuite hostname="DESKTOP-6UTLADQ" failures="0" tests="6" name="Grouping.Basic" time="0.036" errors="0" timestamp="2024-08-06T11:36:19 IST" skipped="0">
  <testcase classname="Grouping.Basic" name="loginByMail" time="0.022"/>
  <system-out/>
  <testcase classname="Grouping.Basic" name="loginByFacebook" time="0.005"/>
  <system-out/>
  <testcase classname="Grouping.Basic" name="loginByTwitter" time="0.002"/>
  <system-out/>
  <testcase classname="Grouping.Basic" name="signUpBymail" time="0.002"/>
  <system-out/>
  <testcase classname="Grouping.Basic" name="PaymentInRupees" time="0.003"/>
  <system-out/>
  <testcase classname="Grouping.Basic" name="PaymentInDollar" time="0.002"/>
  <system-out/>
</testsuite> <!-- Grouping.Basic -->
