<?xml version="1.0" encoding="UTF-8"?>
<!-- Generated by org.testng.reporters.JUnitReportReporter -->
<testsuite hostname="DESKTOP-6UTLADQ" failures="0" tests="3" name="TestNg.basic" time="0.022" errors="0" timestamp="2024-08-06T11:46:32 IST" skipped="0">
  <testcase classname="TestNg.basic" name="Logout" time="0.002"/>
  <system-out/>
  <testcase classname="TestNg.basic" name="OpenURL" time="0.003"/>
  <system-out/>
  <testcase classname="TestNg.basic" name="LogIn" time="0.017"/>
  <system-out/>
</testsuite> <!-- TestNg.basic -->
