<?xml version="1.0" encoding="UTF-8"?>
<!-- Generated by org.testng.reporters.JUnitReportReporter -->
<testsuite hostname="DESKTOP-6UTLADQ" failures="0" tests="4" name="TestNg.NewTest" time="20.235" errors="0" timestamp="2024-08-06T11:46:32 IST" skipped="0">
  <testcase classname="TestNg.NewTest" name="teraUp" time="8.525"/>
  <system-out/>
  <testcase classname="TestNg.NewTest" name="logo" time="0.628"/>
  <system-out/>
  <testcase classname="TestNg.NewTest" name="Login" time="10.906"/>
  <system-out/>
  <testcase classname="TestNg.NewTest" name="teraDown" time="0.176"/>
  <system-out/>
</testsuite> <!-- TestNg.NewTest -->
