<?xml version="1.0" encoding="UTF-8"?>
<!-- Generated by org.testng.reporters.JUnitReportReporter -->
<testsuite hostname="DESKTOP-6UTLADQ" failures="0" tests="2" name="POM_Model.LogIn_test" time="1.853" errors="0" timestamp="2024-08-05T14:36:10 IST" skipped="0">
  <testcase classname="POM_Model.LogIn_test" name="logoCheck" time="0.065"/>
  <system-out/>
  <testcase classname="POM_Model.LogIn_test" name="TestLogin" time="1.788"/>
  <system-out/>
</testsuite> <!-- POM_Model.LogIn_test -->
